[2023-01-27T05:16:57Z INFO]: Basic config successfully loaded
[2023-01-27T05:16:57Z INFO]: Checking quay configurations file in yaml-files/ directory...
[2023-01-27T05:16:57Z INFO]: Config verified from  "example-organization.yaml" 
[2023-01-27T05:16:57Z INFO]: Config verified from  "example-organization2.yaml" 
[2023-01-27T05:16:57Z INFO]: Config verified from  "example-organization3.yaml" 
[2023-01-27T05:16:57Z INFO]: Config verified from  "example-organization4.yaml" 
[2023-01-27T05:16:57Z INFO]: Config verified from  "example-organization5.yaml" 
[2023-01-27T05:16:57Z INFO]: Config verified from  "example-organization6.yaml" 
[2023-01-27T05:16:57Z INFO]: Loading quay configurations file in yaml-files/ directory...
[2023-01-27T05:16:57Z INFO]: Loading config from  "example-organization.yaml" 
[2023-01-27T05:16:57Z INFO]: Loading config from  "example-organization2.yaml" 
[2023-01-27T05:16:57Z INFO]: Loading config from  "example-organization3.yaml" 
[2023-01-27T05:16:57Z INFO]: Loading config from  "example-organization4.yaml" 
[2023-01-27T05:16:57Z INFO]: Loading config from  "example-organization5.yaml" 
[2023-01-27T05:16:57Z INFO]: Loading config from  "example-organization6.yaml" 
[2023-01-27T05:16:57Z WARN]: Endpoint replication 'example-registry-quay-quay-enterprise.apps.ocphub.lab.seeweb' already present as a main Quay organization 'exampleorg' with endpoint 'example-registry-quay-quay-enterprise.apps.ocphub.lab.seeweb'. Ignoring....
[2023-01-27T05:16:57Z INFO]: Creating quay configurations...
[2023-01-27T05:16:57Z INFO]: Processing config for organization: exampleorg
[2023-01-27T05:16:57Z INFO]: Processing config for organization: exampleorg2
[2023-01-27T05:16:57Z INFO]: Processing config for organization: exampleorg3
[2023-01-27T05:16:57Z INFO]: Processing config for organization: exampleorg4
[2023-01-27T05:16:57Z INFO]: Processing config for organization: exampleorg5
[2023-01-27T05:16:57Z INFO]: Processing config for organization: exampleorg6
[2023-01-27T05:16:57Z INFO]: Processing config for organization: exampleorg
[2023-01-27T05:16:57Z ERROR]: No token found for 111111example-registry-quay-quay-enterprise.apps.ocphub.lab.seeweb1 Quay endpoint. Please run 'qcli login. Ignoring this Quay organization.
[2023-01-27T05:16:57Z INFO]: TOTAL REQUESTS : 231
[2023-01-27T05:16:57Z INFO]: Creating 6 organization cuncurrently
[2023-01-27T05:17:03Z ERROR]: Error: error sending request for url (https://example-registry-quay-quay-enterprise.apps.ocphub.lab.seeweb/api/v1/organization/): operation timed out
[2023-01-27T05:17:03Z ERROR]: Error: error sending request for url (https://example-registry-quay-quay-enterprise.apps.ocphub.lab.seeweb/api/v1/organization/): operation timed out
[2023-01-27T05:17:03Z ERROR]: Error: error sending request for url (https://example-registry-quay-quay-enterprise.apps.ocphub.lab.seeweb/api/v1/organization/): operation timed out
[2023-01-27T05:17:03Z ERROR]: Error: error sending request for url (https://example-registry-quay-quay-enterprise.apps.ocphub.lab.seeweb/api/v1/organization/): operation timed out
[2023-01-27T05:17:03Z ERROR]: Error: error sending request for url (https://example-registry-quay-quay-enterprise.apps.ocphub.lab.seeweb/api/v1/organization/): operation timed out
[2023-01-27T05:17:03Z ERROR]: Error: error sending request for url (https://example-registry-quay-quay-enterprise.apps.ocphub.lab.seeweb/api/v1/organization/): operation timed out
[2023-01-27T05:17:03Z INFO]: Creating 13 robots cuncurrently
